[0.171s] DEBUG:colcon:Command line arguments: ['/usr/bin/colcon', 'build']
[0.171s] DEBUG:colcon:Parsed command line arguments: Namespace(allow_overriding=[], ament_cmake_args=None, base_paths=['.'], build_base='build', catkin_cmake_args=None, catkin_skip_building_tests=False, cmake_args=None, cmake_clean_cache=False, cmake_clean_first=False, cmake_force_configure=False, cmake_target=None, cmake_target_skip_unavailable=False, continue_on_error=False, event_handlers=None, executor='parallel', ignore_user_meta=False, install_base='install', log_base=None, log_level=None, main=<bound method BuildVerb.main of <colcon_core.verb.build.BuildVerb object at 0x7f37e3b41160>>, merge_install=False, metas=['./colcon.meta'], packages_above=None, packages_above_and_dependencies=None, packages_above_depth=None, packages_end=None, packages_ignore=None, packages_ignore_regex=None, packages_select=None, packages_select_build_failed=False, packages_select_by_dep=None, packages_select_regex=None, packages_select_test_failures=False, packages_skip=None, packages_skip_build_finished=False, packages_skip_by_dep=None, packages_skip_regex=None, packages_skip_test_passed=False, packages_skip_up_to=None, packages_start=None, packages_up_to=None, packages_up_to_regex=None, parallel_workers=16, paths=None, symlink_install=False, test_result_base=None, verb_extension=<colcon_core.verb.build.BuildVerb object at 0x7f37e3b41160>, verb_name='build', verb_parser=<colcon_defaults.argument_parser.defaults.DefaultArgumentsDecorator object at 0x7f37e3b416a0>)
[0.202s] Level 1:colcon.colcon_core.package_discovery:discover_packages(colcon_meta) check parameters
[0.202s] Level 1:colcon.colcon_core.package_discovery:discover_packages(recursive) check parameters
[0.202s] Level 1:colcon.colcon_core.package_discovery:discover_packages(ignore) check parameters
[0.202s] Level 1:colcon.colcon_core.package_discovery:discover_packages(path) check parameters
[0.202s] Level 1:colcon.colcon_core.package_discovery:discover_packages(colcon_meta) discover
[0.202s] Level 1:colcon.colcon_core.package_discovery:discover_packages(recursive) discover
[0.202s] INFO:colcon.colcon_core.package_discovery:Crawling recursively for packages in '/home/rishabh/pub_sub'
[0.202s] Level 1:colcon.colcon_core.package_identification:_identify(.) by extensions ['ignore', 'ignore_ament_install']
[0.202s] Level 1:colcon.colcon_core.package_identification:_identify(.) by extension 'ignore'
[0.202s] Level 1:colcon.colcon_core.package_identification:_identify(.) by extension 'ignore_ament_install'
[0.202s] Level 1:colcon.colcon_core.package_identification:_identify(.) by extensions ['colcon_pkg']
[0.202s] Level 1:colcon.colcon_core.package_identification:_identify(.) by extension 'colcon_pkg'
[0.202s] Level 1:colcon.colcon_core.package_identification:_identify(.) by extensions ['colcon_meta']
[0.202s] Level 1:colcon.colcon_core.package_identification:_identify(.) by extension 'colcon_meta'
[0.202s] Level 1:colcon.colcon_core.package_identification:_identify(.) by extensions ['ros']
[0.202s] Level 1:colcon.colcon_core.package_identification:_identify(.) by extension 'ros'
[0.212s] Level 1:colcon.colcon_core.package_identification:_identify(.) by extensions ['cmake', 'python']
[0.212s] Level 1:colcon.colcon_core.package_identification:_identify(.) by extension 'cmake'
[0.212s] Level 1:colcon.colcon_core.package_identification:_identify(.) by extension 'python'
[0.212s] Level 1:colcon.colcon_core.package_identification:_identify(.) by extensions ['python_setup_py']
[0.212s] Level 1:colcon.colcon_core.package_identification:_identify(.) by extension 'python_setup_py'
[0.212s] Level 1:colcon.colcon_core.package_identification:_identify(build) by extensions ['ignore', 'ignore_ament_install']
[0.212s] Level 1:colcon.colcon_core.package_identification:_identify(build) by extension 'ignore'
[0.213s] Level 1:colcon.colcon_core.package_identification:_identify(build) ignored
[0.213s] Level 1:colcon.colcon_core.package_identification:_identify(install) by extensions ['ignore', 'ignore_ament_install']
[0.213s] Level 1:colcon.colcon_core.package_identification:_identify(install) by extension 'ignore'
[0.213s] Level 1:colcon.colcon_core.package_identification:_identify(install) ignored
[0.213s] Level 1:colcon.colcon_core.package_identification:_identify(log) by extensions ['ignore', 'ignore_ament_install']
[0.213s] Level 1:colcon.colcon_core.package_identification:_identify(log) by extension 'ignore'
[0.213s] Level 1:colcon.colcon_core.package_identification:_identify(log) ignored
[0.213s] Level 1:colcon.colcon_core.package_identification:_identify(src) by extensions ['ignore', 'ignore_ament_install']
[0.213s] Level 1:colcon.colcon_core.package_identification:_identify(src) by extension 'ignore'
[0.213s] Level 1:colcon.colcon_core.package_identification:_identify(src) by extension 'ignore_ament_install'
[0.213s] Level 1:colcon.colcon_core.package_identification:_identify(src) by extensions ['colcon_pkg']
[0.213s] Level 1:colcon.colcon_core.package_identification:_identify(src) by extension 'colcon_pkg'
[0.213s] Level 1:colcon.colcon_core.package_identification:_identify(src) by extensions ['colcon_meta']
[0.213s] Level 1:colcon.colcon_core.package_identification:_identify(src) by extension 'colcon_meta'
[0.213s] Level 1:colcon.colcon_core.package_identification:_identify(src) by extensions ['ros']
[0.213s] Level 1:colcon.colcon_core.package_identification:_identify(src) by extension 'ros'
[0.214s] Level 1:colcon.colcon_core.package_identification:_identify(src) by extensions ['cmake', 'python']
[0.214s] Level 1:colcon.colcon_core.package_identification:_identify(src) by extension 'cmake'
[0.214s] Level 1:colcon.colcon_core.package_identification:_identify(src) by extension 'python'
[0.214s] Level 1:colcon.colcon_core.package_identification:_identify(src) by extensions ['python_setup_py']
[0.214s] Level 1:colcon.colcon_core.package_identification:_identify(src) by extension 'python_setup_py'
[0.214s] Level 1:colcon.colcon_core.package_identification:_identify(src/cpp_pubsub) by extensions ['ignore', 'ignore_ament_install']
[0.214s] Level 1:colcon.colcon_core.package_identification:_identify(src/cpp_pubsub) by extension 'ignore'
[0.214s] Level 1:colcon.colcon_core.package_identification:_identify(src/cpp_pubsub) by extension 'ignore_ament_install'
[0.214s] Level 1:colcon.colcon_core.package_identification:_identify(src/cpp_pubsub) by extensions ['colcon_pkg']
[0.214s] Level 1:colcon.colcon_core.package_identification:_identify(src/cpp_pubsub) by extension 'colcon_pkg'
[0.214s] Level 1:colcon.colcon_core.package_identification:_identify(src/cpp_pubsub) by extensions ['colcon_meta']
[0.214s] Level 1:colcon.colcon_core.package_identification:_identify(src/cpp_pubsub) by extension 'colcon_meta'
[0.214s] Level 1:colcon.colcon_core.package_identification:_identify(src/cpp_pubsub) by extensions ['ros']
[0.214s] Level 1:colcon.colcon_core.package_identification:_identify(src/cpp_pubsub) by extension 'ros'
[0.217s] DEBUG:colcon.colcon_core.package_identification:Package 'src/cpp_pubsub' with type 'ros.ament_cmake' and name 'cpp_pubsub'
[0.217s] Level 1:colcon.colcon_core.package_discovery:discover_packages(recursive) using defaults
[0.217s] Level 1:colcon.colcon_core.package_discovery:discover_packages(ignore) discover
[0.217s] Level 1:colcon.colcon_core.package_discovery:discover_packages(ignore) using defaults
[0.217s] Level 1:colcon.colcon_core.package_discovery:discover_packages(path) discover
[0.217s] Level 1:colcon.colcon_core.package_discovery:discover_packages(path) using defaults
[0.239s] Level 1:colcon.colcon_core.package_discovery:discover_packages(prefix_path) check parameters
[0.239s] Level 1:colcon.colcon_core.package_discovery:discover_packages(prefix_path) discover
[0.243s] DEBUG:colcon.colcon_installed_package_information.package_discovery:Found 1 installed packages in /home/rishabh/pub_sub/install
[0.245s] DEBUG:colcon.colcon_installed_package_information.package_discovery:Found 256 installed packages in /opt/ros/foxy
[0.248s] DEBUG:colcon.colcon_installed_package_information.package_discovery:Found 3 installed packages in /opt/ros/noetic
[0.248s] Level 1:colcon.colcon_core.package_discovery:discover_packages(prefix_path) using defaults
[0.314s] Level 5:colcon.colcon_core.verb:set package 'cpp_pubsub' build argument 'cmake_args' from command line to 'None'
[0.314s] Level 5:colcon.colcon_core.verb:set package 'cpp_pubsub' build argument 'cmake_target' from command line to 'None'
[0.314s] Level 5:colcon.colcon_core.verb:set package 'cpp_pubsub' build argument 'cmake_target_skip_unavailable' from command line to 'False'
[0.314s] Level 5:colcon.colcon_core.verb:set package 'cpp_pubsub' build argument 'cmake_clean_cache' from command line to 'False'
[0.314s] Level 5:colcon.colcon_core.verb:set package 'cpp_pubsub' build argument 'cmake_clean_first' from command line to 'False'
[0.314s] Level 5:colcon.colcon_core.verb:set package 'cpp_pubsub' build argument 'cmake_force_configure' from command line to 'False'
[0.314s] Level 5:colcon.colcon_core.verb:set package 'cpp_pubsub' build argument 'ament_cmake_args' from command line to 'None'
[0.314s] Level 5:colcon.colcon_core.verb:set package 'cpp_pubsub' build argument 'catkin_cmake_args' from command line to 'None'
[0.314s] Level 5:colcon.colcon_core.verb:set package 'cpp_pubsub' build argument 'catkin_skip_building_tests' from command line to 'False'
[0.314s] DEBUG:colcon.colcon_core.verb:Building package 'cpp_pubsub' with the following arguments: {'ament_cmake_args': None, 'build_base': '/home/rishabh/pub_sub/build/cpp_pubsub', 'catkin_cmake_args': None, 'catkin_skip_building_tests': False, 'cmake_args': None, 'cmake_clean_cache': False, 'cmake_clean_first': False, 'cmake_force_configure': False, 'cmake_target': None, 'cmake_target_skip_unavailable': False, 'install_base': '/home/rishabh/pub_sub/install/cpp_pubsub', 'merge_install': False, 'path': '/home/rishabh/pub_sub/src/cpp_pubsub', 'symlink_install': False, 'test_result_base': None}
[0.316s] INFO:colcon.colcon_core.executor:Executing jobs using 'parallel' executor
[0.324s] DEBUG:colcon.colcon_parallel_executor.executor.parallel:run_until_complete
[0.324s] INFO:colcon.colcon_ros.task.ament_cmake.build:Building ROS package in '/home/rishabh/pub_sub/src/cpp_pubsub' with build type 'ament_cmake'
[0.324s] INFO:colcon.colcon_cmake.task.cmake.build:Building CMake package in '/home/rishabh/pub_sub/src/cpp_pubsub'
[0.330s] INFO:colcon.colcon_core.plugin_system:Skipping extension 'colcon_core.shell.bat': Not used on non-Windows systems
[0.330s] INFO:colcon.colcon_core.shell:Skip shell extension 'powershell' for command environment: Not usable outside of PowerShell
[0.330s] DEBUG:colcon.colcon_core.shell:Skip shell extension 'dsv' for command environment
[0.343s] DEBUG:colcon.colcon_core.event_handler.log_command:Invoking command in '/home/rishabh/pub_sub/build/cpp_pubsub': CMAKE_PREFIX_PATH=/home/rishabh/pub_sub/install/cpp_pubsub:/opt/ros/foxy:/opt/ros/noetic /usr/bin/cmake --build /home/rishabh/pub_sub/build/cpp_pubsub -- -j16 -l16
[4.753s] DEBUG:colcon.colcon_core.event_handler.log_command:Invoked command in '/home/rishabh/pub_sub/build/cpp_pubsub' returned '0': CMAKE_PREFIX_PATH=/home/rishabh/pub_sub/install/cpp_pubsub:/opt/ros/foxy:/opt/ros/noetic /usr/bin/cmake --build /home/rishabh/pub_sub/build/cpp_pubsub -- -j16 -l16
[4.779s] DEBUG:colcon.colcon_core.event_handler.log_command:Invoking command in '/home/rishabh/pub_sub/build/cpp_pubsub': CMAKE_PREFIX_PATH=/home/rishabh/pub_sub/install/cpp_pubsub:/opt/ros/foxy:/opt/ros/noetic /usr/bin/cmake --install /home/rishabh/pub_sub/build/cpp_pubsub
[4.790s] Level 1:colcon.colcon_core.environment:create_environment_scripts_only(cpp_pubsub)
[4.791s] DEBUG:colcon.colcon_core.event_handler.log_command:Invoked command in '/home/rishabh/pub_sub/build/cpp_pubsub' returned '0': CMAKE_PREFIX_PATH=/home/rishabh/pub_sub/install/cpp_pubsub:/opt/ros/foxy:/opt/ros/noetic /usr/bin/cmake --install /home/rishabh/pub_sub/build/cpp_pubsub
[4.798s] Level 1:colcon.colcon_core.environment:checking '/home/rishabh/pub_sub/install/cpp_pubsub' for CMake module files
[4.798s] Level 1:colcon.colcon_core.environment:checking '/home/rishabh/pub_sub/install/cpp_pubsub' for CMake config files
[4.799s] Level 1:colcon.colcon_core.shell:create_environment_hook('cpp_pubsub', 'cmake_prefix_path')
[4.801s] INFO:colcon.colcon_core.shell:Creating environment hook '/home/rishabh/pub_sub/install/cpp_pubsub/share/cpp_pubsub/hook/cmake_prefix_path.ps1'
[4.802s] INFO:colcon.colcon_core.shell:Creating environment descriptor '/home/rishabh/pub_sub/install/cpp_pubsub/share/cpp_pubsub/hook/cmake_prefix_path.dsv'
[4.802s] INFO:colcon.colcon_core.shell:Creating environment hook '/home/rishabh/pub_sub/install/cpp_pubsub/share/cpp_pubsub/hook/cmake_prefix_path.sh'
[4.803s] Level 1:colcon.colcon_core.environment:checking '/home/rishabh/pub_sub/install/cpp_pubsub/lib'
[4.803s] Level 1:colcon.colcon_core.environment:checking '/home/rishabh/pub_sub/install/cpp_pubsub/bin'
[4.803s] Level 1:colcon.colcon_core.environment:checking '/home/rishabh/pub_sub/install/cpp_pubsub/lib/pkgconfig/cpp_pubsub.pc'
[4.804s] Level 1:colcon.colcon_core.environment:checking '/home/rishabh/pub_sub/install/cpp_pubsub/lib/python3.8/site-packages'
[4.804s] Level 1:colcon.colcon_core.environment:checking '/home/rishabh/pub_sub/install/cpp_pubsub/bin'
[4.807s] INFO:colcon.colcon_core.shell:Creating package script '/home/rishabh/pub_sub/install/cpp_pubsub/share/cpp_pubsub/package.ps1'
[4.807s] INFO:colcon.colcon_core.shell:Creating package descriptor '/home/rishabh/pub_sub/install/cpp_pubsub/share/cpp_pubsub/package.dsv'
[4.808s] INFO:colcon.colcon_core.shell:Creating package script '/home/rishabh/pub_sub/install/cpp_pubsub/share/cpp_pubsub/package.sh'
[4.808s] INFO:colcon.colcon_core.shell:Creating package script '/home/rishabh/pub_sub/install/cpp_pubsub/share/cpp_pubsub/package.bash'
[4.809s] INFO:colcon.colcon_core.shell:Creating package script '/home/rishabh/pub_sub/install/cpp_pubsub/share/cpp_pubsub/package.zsh'
[4.809s] Level 1:colcon.colcon_core.environment:create_file_with_runtime_dependencies(/home/rishabh/pub_sub/install/cpp_pubsub/share/colcon-core/packages/cpp_pubsub)
[4.831s] Level 1:colcon.colcon_core.environment:create_environment_scripts_only(cpp_pubsub)
[4.835s] Level 1:colcon.colcon_core.environment:checking '/home/rishabh/pub_sub/install/cpp_pubsub' for CMake module files
[4.835s] Level 1:colcon.colcon_core.environment:checking '/home/rishabh/pub_sub/install/cpp_pubsub' for CMake config files
[4.835s] Level 1:colcon.colcon_core.shell:create_environment_hook('cpp_pubsub', 'cmake_prefix_path')
[4.839s] INFO:colcon.colcon_core.shell:Creating environment hook '/home/rishabh/pub_sub/install/cpp_pubsub/share/cpp_pubsub/hook/cmake_prefix_path.ps1'
[4.839s] INFO:colcon.colcon_core.shell:Creating environment descriptor '/home/rishabh/pub_sub/install/cpp_pubsub/share/cpp_pubsub/hook/cmake_prefix_path.dsv'
[4.840s] INFO:colcon.colcon_core.shell:Creating environment hook '/home/rishabh/pub_sub/install/cpp_pubsub/share/cpp_pubsub/hook/cmake_prefix_path.sh'
[4.840s] Level 1:colcon.colcon_core.environment:checking '/home/rishabh/pub_sub/install/cpp_pubsub/lib'
[4.840s] Level 1:colcon.colcon_core.environment:checking '/home/rishabh/pub_sub/install/cpp_pubsub/bin'
[4.840s] Level 1:colcon.colcon_core.environment:checking '/home/rishabh/pub_sub/install/cpp_pubsub/lib/pkgconfig/cpp_pubsub.pc'
[4.840s] Level 1:colcon.colcon_core.environment:checking '/home/rishabh/pub_sub/install/cpp_pubsub/lib/python3.8/site-packages'
[4.841s] Level 1:colcon.colcon_core.environment:checking '/home/rishabh/pub_sub/install/cpp_pubsub/bin'
[4.843s] INFO:colcon.colcon_core.shell:Creating package script '/home/rishabh/pub_sub/install/cpp_pubsub/share/cpp_pubsub/package.ps1'
[4.844s] INFO:colcon.colcon_core.shell:Creating package descriptor '/home/rishabh/pub_sub/install/cpp_pubsub/share/cpp_pubsub/package.dsv'
[4.844s] INFO:colcon.colcon_core.shell:Creating package script '/home/rishabh/pub_sub/install/cpp_pubsub/share/cpp_pubsub/package.sh'
[4.844s] INFO:colcon.colcon_core.shell:Creating package script '/home/rishabh/pub_sub/install/cpp_pubsub/share/cpp_pubsub/package.bash'
[4.845s] INFO:colcon.colcon_core.shell:Creating package script '/home/rishabh/pub_sub/install/cpp_pubsub/share/cpp_pubsub/package.zsh'
[4.845s] Level 1:colcon.colcon_core.environment:create_file_with_runtime_dependencies(/home/rishabh/pub_sub/install/cpp_pubsub/share/colcon-core/packages/cpp_pubsub)
[4.845s] DEBUG:colcon.colcon_parallel_executor.executor.parallel:closing loop
[4.846s] DEBUG:colcon.colcon_parallel_executor.executor.parallel:loop closed
[4.846s] DEBUG:colcon.colcon_parallel_executor.executor.parallel:run_until_complete finished with '0'
[4.846s] DEBUG:colcon.colcon_core.event_reactor:joining thread
[4.852s] INFO:colcon.colcon_core.plugin_system:Skipping extension 'colcon_notification.desktop_notification.terminal_notifier': Not used on non-Darwin systems
[4.853s] INFO:colcon.colcon_core.plugin_system:Skipping extension 'colcon_notification.desktop_notification.win32': Not used on non-Windows systems
[4.853s] INFO:colcon.colcon_notification.desktop_notification:Sending desktop notification using 'notify2'
[4.865s] DEBUG:colcon.colcon_core.event_reactor:joined thread
[4.868s] INFO:colcon.colcon_core.shell:Creating prefix script '/home/rishabh/pub_sub/install/local_setup.ps1'
[4.868s] INFO:colcon.colcon_core.shell:Creating prefix util module '/home/rishabh/pub_sub/install/_local_setup_util_ps1.py'
[4.870s] INFO:colcon.colcon_core.shell:Creating prefix chain script '/home/rishabh/pub_sub/install/setup.ps1'
[4.871s] INFO:colcon.colcon_core.shell:Creating prefix script '/home/rishabh/pub_sub/install/local_setup.sh'
[4.872s] INFO:colcon.colcon_core.shell:Creating prefix util module '/home/rishabh/pub_sub/install/_local_setup_util_sh.py'
[4.872s] INFO:colcon.colcon_core.shell:Creating prefix chain script '/home/rishabh/pub_sub/install/setup.sh'
[4.874s] INFO:colcon.colcon_core.shell:Creating prefix script '/home/rishabh/pub_sub/install/local_setup.bash'
[4.874s] INFO:colcon.colcon_core.shell:Creating prefix chain script '/home/rishabh/pub_sub/install/setup.bash'
[4.876s] INFO:colcon.colcon_core.shell:Creating prefix script '/home/rishabh/pub_sub/install/local_setup.zsh'
[4.876s] INFO:colcon.colcon_core.shell:Creating prefix chain script '/home/rishabh/pub_sub/install/setup.zsh'
